Loading modules
Using R
/shared/home/ashah282/projects/cbcd
[[1]]
[1] "data/ccts/raw/diagnosis.csv  is being written\n"

[[2]]
[1] "data/ccts/raw/labs.csv  is being written\n"

[[3]]
[1] "data/ccts/raw/medications.csv  is being written\n"

[[4]]
[1] "data/ccts/raw/notes.csv  is being written\n"

[[5]]
[1] "data/ccts/raw/procedure-reports.csv  is being written\n"

[[6]]
[1] "data/ccts/raw/procedures.csv  is being written\n"

[[7]]
[1] "data/ccts/raw/visits.csv  is being written\n"

[[8]]
[1] "data/ccts/raw/vitals.csv  is being written\n"

Completed notes task
